[0.232s] DEBUG:colcon:Command line arguments: ['/usr/bin/colcon', 'build', '--symlink-install']
[0.232s] DEBUG:colcon:Parsed command line arguments: Namespace(log_base=None, log_level=None, verb_name='build', build_base='build', install_base='install', merge_install=False, symlink_install=True, test_result_base=None, continue_on_error=False, executor='parallel', parallel_workers=4, event_handlers=None, ignore_user_meta=False, metas=['./colcon.meta'], base_paths=['.'], packages_ignore=None, packages_ignore_regex=None, paths=None, packages_up_to=None, packages_up_to_regex=None, packages_above=None, packages_above_and_dependencies=None, packages_above_depth=None, packages_select_by_dep=None, packages_skip_by_dep=None, packages_skip_up_to=None, packages_select_build_failed=False, packages_skip_build_finished=False, packages_select_test_failures=False, packages_skip_test_passed=False, packages_select=None, packages_skip=None, packages_select_regex=None, packages_skip_regex=None, packages_start=None, packages_end=None, allow_overriding=[], cmake_args=None, cmake_target=None, cmake_target_skip_unavailable=False, cmake_clean_cache=False, cmake_clean_first=False, cmake_force_configure=False, ament_cmake_args=None, catkin_cmake_args=None, catkin_skip_building_tests=False, mixin_files=None, mixin=None, verb_parser=<colcon_mixin.mixin.mixin_argument.MixinArgumentDecorator object at 0x76fbb2e58fb0>, verb_extension=<colcon_core.verb.build.BuildVerb object at 0x76fbb2fd0e60>, main=<bound method BuildVerb.main of <colcon_core.verb.build.BuildVerb object at 0x76fbb2fd0e60>>, mixin_verb=('build',))
[0.309s] Level 1:colcon.colcon_core.package_discovery:discover_packages(colcon_meta) check parameters
[0.309s] Level 1:colcon.colcon_core.package_discovery:discover_packages(recursive) check parameters
[0.309s] Level 1:colcon.colcon_core.package_discovery:discover_packages(ignore) check parameters
[0.309s] Level 1:colcon.colcon_core.package_discovery:discover_packages(path) check parameters
[0.309s] Level 1:colcon.colcon_core.package_discovery:discover_packages(colcon_meta) discover
[0.309s] Level 1:colcon.colcon_core.package_discovery:discover_packages(recursive) discover
[0.309s] INFO:colcon.colcon_core.package_discovery:Crawling recursively for packages in '/home/jaumemil/tfg_jaume_vf'
[0.310s] Level 1:colcon.colcon_core.package_identification:_identify(.) by extensions ['ignore', 'ignore_ament_install']
[0.310s] Level 1:colcon.colcon_core.package_identification:_identify(.) by extension 'ignore'
[0.310s] Level 1:colcon.colcon_core.package_identification:_identify(.) by extension 'ignore_ament_install'
[0.310s] Level 1:colcon.colcon_core.package_identification:_identify(.) by extensions ['colcon_pkg']
[0.310s] Level 1:colcon.colcon_core.package_identification:_identify(.) by extension 'colcon_pkg'
[0.310s] Level 1:colcon.colcon_core.package_identification:_identify(.) by extensions ['colcon_meta']
[0.310s] Level 1:colcon.colcon_core.package_identification:_identify(.) by extension 'colcon_meta'
[0.310s] Level 1:colcon.colcon_core.package_identification:_identify(.) by extensions ['ros']
[0.310s] Level 1:colcon.colcon_core.package_identification:_identify(.) by extension 'ros'
[0.383s] Level 1:colcon.colcon_core.package_identification:_identify(.) by extensions ['cmake', 'python']
[0.383s] Level 1:colcon.colcon_core.package_identification:_identify(.) by extension 'cmake'
[0.383s] Level 1:colcon.colcon_core.package_identification:_identify(.) by extension 'python'
[0.383s] Level 1:colcon.colcon_core.package_identification:_identify(.) by extensions ['python_setup_py']
[0.383s] Level 1:colcon.colcon_core.package_identification:_identify(.) by extension 'python_setup_py'
[0.384s] Level 1:colcon.colcon_core.package_identification:_identify(build) by extensions ['ignore', 'ignore_ament_install']
[0.384s] Level 1:colcon.colcon_core.package_identification:_identify(build) by extension 'ignore'
[0.384s] Level 1:colcon.colcon_core.package_identification:_identify(build) ignored
[0.384s] Level 1:colcon.colcon_core.package_identification:_identify(install) by extensions ['ignore', 'ignore_ament_install']
[0.384s] Level 1:colcon.colcon_core.package_identification:_identify(install) by extension 'ignore'
[0.384s] Level 1:colcon.colcon_core.package_identification:_identify(install) ignored
[0.384s] Level 1:colcon.colcon_core.package_identification:_identify(log) by extensions ['ignore', 'ignore_ament_install']
[0.385s] Level 1:colcon.colcon_core.package_identification:_identify(log) by extension 'ignore'
[0.385s] Level 1:colcon.colcon_core.package_identification:_identify(log) ignored
[0.385s] Level 1:colcon.colcon_core.package_identification:_identify(src) by extensions ['ignore', 'ignore_ament_install']
[0.385s] Level 1:colcon.colcon_core.package_identification:_identify(src) by extension 'ignore'
[0.385s] Level 1:colcon.colcon_core.package_identification:_identify(src) by extension 'ignore_ament_install'
[0.385s] Level 1:colcon.colcon_core.package_identification:_identify(src) by extensions ['colcon_pkg']
[0.385s] Level 1:colcon.colcon_core.package_identification:_identify(src) by extension 'colcon_pkg'
[0.385s] Level 1:colcon.colcon_core.package_identification:_identify(src) by extensions ['colcon_meta']
[0.385s] Level 1:colcon.colcon_core.package_identification:_identify(src) by extension 'colcon_meta'
[0.385s] Level 1:colcon.colcon_core.package_identification:_identify(src) by extensions ['ros']
[0.386s] Level 1:colcon.colcon_core.package_identification:_identify(src) by extension 'ros'
[0.386s] Level 1:colcon.colcon_core.package_identification:_identify(src) by extensions ['cmake', 'python']
[0.386s] Level 1:colcon.colcon_core.package_identification:_identify(src) by extension 'cmake'
[0.386s] Level 1:colcon.colcon_core.package_identification:_identify(src) by extension 'python'
[0.386s] Level 1:colcon.colcon_core.package_identification:_identify(src) by extensions ['python_setup_py']
[0.386s] Level 1:colcon.colcon_core.package_identification:_identify(src) by extension 'python_setup_py'
[0.386s] Level 1:colcon.colcon_core.package_identification:_identify(src/gesture_recognition_pkg) by extensions ['ignore', 'ignore_ament_install']
[0.386s] Level 1:colcon.colcon_core.package_identification:_identify(src/gesture_recognition_pkg) by extension 'ignore'
[0.386s] Level 1:colcon.colcon_core.package_identification:_identify(src/gesture_recognition_pkg) by extension 'ignore_ament_install'
[0.387s] Level 1:colcon.colcon_core.package_identification:_identify(src/gesture_recognition_pkg) by extensions ['colcon_pkg']
[0.387s] Level 1:colcon.colcon_core.package_identification:_identify(src/gesture_recognition_pkg) by extension 'colcon_pkg'
[0.387s] Level 1:colcon.colcon_core.package_identification:_identify(src/gesture_recognition_pkg) by extensions ['colcon_meta']
[0.387s] Level 1:colcon.colcon_core.package_identification:_identify(src/gesture_recognition_pkg) by extension 'colcon_meta'
[0.387s] Level 1:colcon.colcon_core.package_identification:_identify(src/gesture_recognition_pkg) by extensions ['ros']
[0.387s] Level 1:colcon.colcon_core.package_identification:_identify(src/gesture_recognition_pkg) by extension 'ros'
[0.393s] DEBUG:colcon.colcon_core.package_identification:Package 'src/gesture_recognition_pkg' with type 'ros.ament_python' and name 'gesture_recognition_pkg'
[0.393s] Level 1:colcon.colcon_core.package_identification:_identify(src/turtlebot_control_pkg) by extensions ['ignore', 'ignore_ament_install']
[0.393s] Level 1:colcon.colcon_core.package_identification:_identify(src/turtlebot_control_pkg) by extension 'ignore'
[0.393s] Level 1:colcon.colcon_core.package_identification:_identify(src/turtlebot_control_pkg) by extension 'ignore_ament_install'
[0.393s] Level 1:colcon.colcon_core.package_identification:_identify(src/turtlebot_control_pkg) by extensions ['colcon_pkg']
[0.393s] Level 1:colcon.colcon_core.package_identification:_identify(src/turtlebot_control_pkg) by extension 'colcon_pkg'
[0.394s] Level 1:colcon.colcon_core.package_identification:_identify(src/turtlebot_control_pkg) by extensions ['colcon_meta']
[0.394s] Level 1:colcon.colcon_core.package_identification:_identify(src/turtlebot_control_pkg) by extension 'colcon_meta'
[0.394s] Level 1:colcon.colcon_core.package_identification:_identify(src/turtlebot_control_pkg) by extensions ['ros']
[0.394s] Level 1:colcon.colcon_core.package_identification:_identify(src/turtlebot_control_pkg) by extension 'ros'
[0.395s] DEBUG:colcon.colcon_core.package_identification:Package 'src/turtlebot_control_pkg' with type 'ros.ament_python' and name 'turtlebot_control_pkg'
[0.395s] Level 1:colcon.colcon_core.package_discovery:discover_packages(recursive) using defaults
[0.395s] Level 1:colcon.colcon_core.package_discovery:discover_packages(ignore) discover
[0.395s] Level 1:colcon.colcon_core.package_discovery:discover_packages(ignore) using defaults
[0.395s] Level 1:colcon.colcon_core.package_discovery:discover_packages(path) discover
[0.395s] Level 1:colcon.colcon_core.package_discovery:discover_packages(path) using defaults
[0.435s] Level 1:colcon.colcon_core.package_discovery:discover_packages(prefix_path) check parameters
[0.435s] Level 1:colcon.colcon_core.package_discovery:discover_packages(prefix_path) discover
[0.442s] DEBUG:colcon.colcon_installed_package_information.package_discovery:Found 364 installed packages in /opt/ros/jazzy
[0.445s] Level 1:colcon.colcon_core.package_discovery:discover_packages(prefix_path) using defaults
[0.616s] Level 5:colcon.colcon_core.verb:set package 'gesture_recognition_pkg' build argument 'cmake_args' from command line to 'None'
[0.616s] Level 5:colcon.colcon_core.verb:set package 'gesture_recognition_pkg' build argument 'cmake_target' from command line to 'None'
[0.616s] Level 5:colcon.colcon_core.verb:set package 'gesture_recognition_pkg' build argument 'cmake_target_skip_unavailable' from command line to 'False'
[0.616s] Level 5:colcon.colcon_core.verb:set package 'gesture_recognition_pkg' build argument 'cmake_clean_cache' from command line to 'False'
[0.616s] Level 5:colcon.colcon_core.verb:set package 'gesture_recognition_pkg' build argument 'cmake_clean_first' from command line to 'False'
[0.616s] Level 5:colcon.colcon_core.verb:set package 'gesture_recognition_pkg' build argument 'cmake_force_configure' from command line to 'False'
[0.616s] Level 5:colcon.colcon_core.verb:set package 'gesture_recognition_pkg' build argument 'ament_cmake_args' from command line to 'None'
[0.616s] Level 5:colcon.colcon_core.verb:set package 'gesture_recognition_pkg' build argument 'catkin_cmake_args' from command line to 'None'
[0.616s] Level 5:colcon.colcon_core.verb:set package 'gesture_recognition_pkg' build argument 'catkin_skip_building_tests' from command line to 'False'
[0.616s] DEBUG:colcon.colcon_core.verb:Building package 'gesture_recognition_pkg' with the following arguments: {'ament_cmake_args': None, 'build_base': '/home/jaumemil/tfg_jaume_vf/build/gesture_recognition_pkg', 'catkin_cmake_args': None, 'catkin_skip_building_tests': False, 'cmake_args': None, 'cmake_clean_cache': False, 'cmake_clean_first': False, 'cmake_force_configure': False, 'cmake_target': None, 'cmake_target_skip_unavailable': False, 'install_base': '/home/jaumemil/tfg_jaume_vf/install/gesture_recognition_pkg', 'merge_install': False, 'path': '/home/jaumemil/tfg_jaume_vf/src/gesture_recognition_pkg', 'symlink_install': True, 'test_result_base': None}
[0.617s] Level 5:colcon.colcon_core.verb:set package 'turtlebot_control_pkg' build argument 'cmake_args' from command line to 'None'
[0.617s] Level 5:colcon.colcon_core.verb:set package 'turtlebot_control_pkg' build argument 'cmake_target' from command line to 'None'
[0.617s] Level 5:colcon.colcon_core.verb:set package 'turtlebot_control_pkg' build argument 'cmake_target_skip_unavailable' from command line to 'False'
[0.617s] Level 5:colcon.colcon_core.verb:set package 'turtlebot_control_pkg' build argument 'cmake_clean_cache' from command line to 'False'
[0.617s] Level 5:colcon.colcon_core.verb:set package 'turtlebot_control_pkg' build argument 'cmake_clean_first' from command line to 'False'
[0.617s] Level 5:colcon.colcon_core.verb:set package 'turtlebot_control_pkg' build argument 'cmake_force_configure' from command line to 'False'
[0.617s] Level 5:colcon.colcon_core.verb:set package 'turtlebot_control_pkg' build argument 'ament_cmake_args' from command line to 'None'
[0.617s] Level 5:colcon.colcon_core.verb:set package 'turtlebot_control_pkg' build argument 'catkin_cmake_args' from command line to 'None'
[0.617s] Level 5:colcon.colcon_core.verb:set package 'turtlebot_control_pkg' build argument 'catkin_skip_building_tests' from command line to 'False'
[0.617s] DEBUG:colcon.colcon_core.verb:Building package 'turtlebot_control_pkg' with the following arguments: {'ament_cmake_args': None, 'build_base': '/home/jaumemil/tfg_jaume_vf/build/turtlebot_control_pkg', 'catkin_cmake_args': None, 'catkin_skip_building_tests': False, 'cmake_args': None, 'cmake_clean_cache': False, 'cmake_clean_first': False, 'cmake_force_configure': False, 'cmake_target': None, 'cmake_target_skip_unavailable': False, 'install_base': '/home/jaumemil/tfg_jaume_vf/install/turtlebot_control_pkg', 'merge_install': False, 'path': '/home/jaumemil/tfg_jaume_vf/src/turtlebot_control_pkg', 'symlink_install': True, 'test_result_base': None}
[0.618s] INFO:colcon.colcon_core.executor:Executing jobs using 'parallel' executor
[0.619s] DEBUG:colcon.colcon_parallel_executor.executor.parallel:run_until_complete
[0.619s] INFO:colcon.colcon_ros.task.ament_python.build:Building ROS package in '/home/jaumemil/tfg_jaume_vf/src/gesture_recognition_pkg' with build type 'ament_python'
[0.620s] Level 1:colcon.colcon_core.shell:create_environment_hook('gesture_recognition_pkg', 'ament_prefix_path')
[0.628s] INFO:colcon.colcon_core.plugin_system:Skipping extension 'colcon_core.shell.bat': Not used on non-Windows systems
[0.629s] INFO:colcon.colcon_core.shell:Creating environment hook '/home/jaumemil/tfg_jaume_vf/install/gesture_recognition_pkg/share/gesture_recognition_pkg/hook/ament_prefix_path.ps1'
[0.631s] INFO:colcon.colcon_core.shell:Creating environment descriptor '/home/jaumemil/tfg_jaume_vf/install/gesture_recognition_pkg/share/gesture_recognition_pkg/hook/ament_prefix_path.dsv'
[0.632s] INFO:colcon.colcon_core.shell:Creating environment hook '/home/jaumemil/tfg_jaume_vf/install/gesture_recognition_pkg/share/gesture_recognition_pkg/hook/ament_prefix_path.sh'
[0.634s] INFO:colcon.colcon_core.shell:Skip shell extension 'powershell' for command environment: Not usable outside of PowerShell
[0.634s] DEBUG:colcon.colcon_core.shell:Skip shell extension 'dsv' for command environment
[0.640s] INFO:colcon.colcon_ros.task.ament_python.build:Building ROS package in '/home/jaumemil/tfg_jaume_vf/src/turtlebot_control_pkg' with build type 'ament_python'
[0.641s] Level 1:colcon.colcon_core.shell:create_environment_hook('turtlebot_control_pkg', 'ament_prefix_path')
[0.642s] INFO:colcon.colcon_core.shell:Creating environment hook '/home/jaumemil/tfg_jaume_vf/install/turtlebot_control_pkg/share/turtlebot_control_pkg/hook/ament_prefix_path.ps1'
[0.643s] INFO:colcon.colcon_core.shell:Creating environment descriptor '/home/jaumemil/tfg_jaume_vf/install/turtlebot_control_pkg/share/turtlebot_control_pkg/hook/ament_prefix_path.dsv'
[0.643s] INFO:colcon.colcon_core.shell:Creating environment hook '/home/jaumemil/tfg_jaume_vf/install/turtlebot_control_pkg/share/turtlebot_control_pkg/hook/ament_prefix_path.sh'
[0.644s] INFO:colcon.colcon_core.shell:Skip shell extension 'powershell' for command environment: Not usable outside of PowerShell
[0.644s] DEBUG:colcon.colcon_core.shell:Skip shell extension 'dsv' for command environment
[1.132s] INFO:colcon.colcon_core.task.python.build:Building Python package in '/home/jaumemil/tfg_jaume_vf/src/gesture_recognition_pkg'
[1.132s] INFO:colcon.colcon_core.shell:Skip shell extension 'powershell' for command environment: Not usable outside of PowerShell
[1.132s] DEBUG:colcon.colcon_core.shell:Skip shell extension 'dsv' for command environment
[1.604s] INFO:colcon.colcon_core.task.python.build:Building Python package in '/home/jaumemil/tfg_jaume_vf/src/turtlebot_control_pkg'
[1.604s] INFO:colcon.colcon_core.shell:Skip shell extension 'powershell' for command environment: Not usable outside of PowerShell
[1.604s] DEBUG:colcon.colcon_core.shell:Skip shell extension 'dsv' for command environment
[3.068s] DEBUG:colcon.colcon_core.event_handler.log_command:Invoking command in '/home/jaumemil/tfg_jaume_vf/build/turtlebot_control_pkg': DEBUGINFOD_URLS=https://debuginfod.ubuntu.com PYTHONPATH=/home/jaumemil/tfg_jaume_vf/build/turtlebot_control_pkg/prefix_override:/usr/lib/python3/dist-packages/colcon_core/task/python/colcon_distutils_commands:/home/jaumemil/tfg_jaume_vf/install/turtlebot_control_pkg/lib/python3.12/site-packages:${PYTHONPATH} /usr/bin/python3 -W ignore:setup.py install is deprecated -W ignore:easy_install command is deprecated setup.py develop --editable --build-directory /home/jaumemil/tfg_jaume_vf/build/turtlebot_control_pkg/build --no-deps symlink_data
[3.111s] DEBUG:colcon.colcon_core.event_handler.log_command:Invoking command in '/home/jaumemil/tfg_jaume_vf/build/gesture_recognition_pkg': DEBUGINFOD_URLS=https://debuginfod.ubuntu.com PYTHONPATH=/home/jaumemil/tfg_jaume_vf/build/gesture_recognition_pkg/prefix_override:/usr/lib/python3/dist-packages/colcon_core/task/python/colcon_distutils_commands:/home/jaumemil/tfg_jaume_vf/install/gesture_recognition_pkg/lib/python3.12/site-packages:${PYTHONPATH} /usr/bin/python3 -W ignore:setup.py install is deprecated -W ignore:easy_install command is deprecated setup.py develop --editable --build-directory /home/jaumemil/tfg_jaume_vf/build/gesture_recognition_pkg/build --no-deps symlink_data
[4.647s] Level 1:colcon.colcon_core.shell:create_environment_hook('turtlebot_control_pkg', 'pythonpath_develop')
[4.647s] INFO:colcon.colcon_core.shell:Creating environment hook '/home/jaumemil/tfg_jaume_vf/build/turtlebot_control_pkg/share/turtlebot_control_pkg/hook/pythonpath_develop.ps1'
[4.648s] DEBUG:colcon.colcon_core.event_handler.log_command:Invoked command in '/home/jaumemil/tfg_jaume_vf/build/turtlebot_control_pkg' returned '0': DEBUGINFOD_URLS=https://debuginfod.ubuntu.com PYTHONPATH=/home/jaumemil/tfg_jaume_vf/build/turtlebot_control_pkg/prefix_override:/usr/lib/python3/dist-packages/colcon_core/task/python/colcon_distutils_commands:/home/jaumemil/tfg_jaume_vf/install/turtlebot_control_pkg/lib/python3.12/site-packages:${PYTHONPATH} /usr/bin/python3 -W ignore:setup.py install is deprecated -W ignore:easy_install command is deprecated setup.py develop --editable --build-directory /home/jaumemil/tfg_jaume_vf/build/turtlebot_control_pkg/build --no-deps symlink_data
[4.649s] INFO:colcon.colcon_core.shell:Creating environment descriptor '/home/jaumemil/tfg_jaume_vf/build/turtlebot_control_pkg/share/turtlebot_control_pkg/hook/pythonpath_develop.dsv'
[4.650s] INFO:colcon.colcon_core.shell:Creating environment hook '/home/jaumemil/tfg_jaume_vf/build/turtlebot_control_pkg/share/turtlebot_control_pkg/hook/pythonpath_develop.sh'
[4.661s] Level 1:colcon.colcon_core.environment:checking '/home/jaumemil/tfg_jaume_vf/install/turtlebot_control_pkg' for CMake module files
[4.662s] Level 1:colcon.colcon_core.environment:checking '/home/jaumemil/tfg_jaume_vf/install/turtlebot_control_pkg' for CMake config files
[4.663s] Level 1:colcon.colcon_core.environment:checking '/home/jaumemil/tfg_jaume_vf/install/turtlebot_control_pkg/lib'
[4.663s] Level 1:colcon.colcon_core.environment:checking '/home/jaumemil/tfg_jaume_vf/install/turtlebot_control_pkg/bin'
[4.664s] Level 1:colcon.colcon_core.environment:checking '/home/jaumemil/tfg_jaume_vf/install/turtlebot_control_pkg/lib/pkgconfig/turtlebot_control_pkg.pc'
[4.664s] Level 1:colcon.colcon_core.environment:checking '/home/jaumemil/tfg_jaume_vf/install/turtlebot_control_pkg/lib/python3.12/site-packages'
[4.664s] Level 1:colcon.colcon_core.shell:create_environment_hook('turtlebot_control_pkg', 'pythonpath')
[4.665s] INFO:colcon.colcon_core.shell:Creating environment hook '/home/jaumemil/tfg_jaume_vf/install/turtlebot_control_pkg/share/turtlebot_control_pkg/hook/pythonpath.ps1'
[4.666s] INFO:colcon.colcon_core.shell:Creating environment descriptor '/home/jaumemil/tfg_jaume_vf/install/turtlebot_control_pkg/share/turtlebot_control_pkg/hook/pythonpath.dsv'
[4.666s] INFO:colcon.colcon_core.shell:Creating environment hook '/home/jaumemil/tfg_jaume_vf/install/turtlebot_control_pkg/share/turtlebot_control_pkg/hook/pythonpath.sh'
[4.668s] Level 1:colcon.colcon_core.environment:checking '/home/jaumemil/tfg_jaume_vf/install/turtlebot_control_pkg/bin'
[4.668s] Level 1:colcon.colcon_core.environment:create_environment_scripts_only(turtlebot_control_pkg)
[4.668s] INFO:colcon.colcon_core.shell:Creating package script '/home/jaumemil/tfg_jaume_vf/install/turtlebot_control_pkg/share/turtlebot_control_pkg/package.ps1'
[4.670s] INFO:colcon.colcon_core.shell:Creating package descriptor '/home/jaumemil/tfg_jaume_vf/install/turtlebot_control_pkg/share/turtlebot_control_pkg/package.dsv'
[4.672s] INFO:colcon.colcon_core.shell:Creating package script '/home/jaumemil/tfg_jaume_vf/install/turtlebot_control_pkg/share/turtlebot_control_pkg/package.sh'
[4.674s] INFO:colcon.colcon_core.shell:Creating package script '/home/jaumemil/tfg_jaume_vf/install/turtlebot_control_pkg/share/turtlebot_control_pkg/package.bash'
[4.675s] INFO:colcon.colcon_core.shell:Creating package script '/home/jaumemil/tfg_jaume_vf/install/turtlebot_control_pkg/share/turtlebot_control_pkg/package.zsh'
[4.677s] Level 1:colcon.colcon_core.environment:create_file_with_runtime_dependencies(/home/jaumemil/tfg_jaume_vf/install/turtlebot_control_pkg/share/colcon-core/packages/turtlebot_control_pkg)
[4.721s] Level 1:colcon.colcon_core.shell:create_environment_hook('gesture_recognition_pkg', 'pythonpath_develop')
[4.722s] INFO:colcon.colcon_core.shell:Creating environment hook '/home/jaumemil/tfg_jaume_vf/build/gesture_recognition_pkg/share/gesture_recognition_pkg/hook/pythonpath_develop.ps1'
[4.722s] DEBUG:colcon.colcon_core.event_handler.log_command:Invoked command in '/home/jaumemil/tfg_jaume_vf/build/gesture_recognition_pkg' returned '0': DEBUGINFOD_URLS=https://debuginfod.ubuntu.com PYTHONPATH=/home/jaumemil/tfg_jaume_vf/build/gesture_recognition_pkg/prefix_override:/usr/lib/python3/dist-packages/colcon_core/task/python/colcon_distutils_commands:/home/jaumemil/tfg_jaume_vf/install/gesture_recognition_pkg/lib/python3.12/site-packages:${PYTHONPATH} /usr/bin/python3 -W ignore:setup.py install is deprecated -W ignore:easy_install command is deprecated setup.py develop --editable --build-directory /home/jaumemil/tfg_jaume_vf/build/gesture_recognition_pkg/build --no-deps symlink_data
[4.723s] INFO:colcon.colcon_core.shell:Creating environment descriptor '/home/jaumemil/tfg_jaume_vf/build/gesture_recognition_pkg/share/gesture_recognition_pkg/hook/pythonpath_develop.dsv'
[4.724s] INFO:colcon.colcon_core.shell:Creating environment hook '/home/jaumemil/tfg_jaume_vf/build/gesture_recognition_pkg/share/gesture_recognition_pkg/hook/pythonpath_develop.sh'
[4.725s] Level 1:colcon.colcon_core.environment:checking '/home/jaumemil/tfg_jaume_vf/install/gesture_recognition_pkg' for CMake module files
[4.726s] Level 1:colcon.colcon_core.environment:checking '/home/jaumemil/tfg_jaume_vf/install/gesture_recognition_pkg' for CMake config files
[4.727s] Level 1:colcon.colcon_core.environment:checking '/home/jaumemil/tfg_jaume_vf/install/gesture_recognition_pkg/lib'
[4.727s] Level 1:colcon.colcon_core.environment:checking '/home/jaumemil/tfg_jaume_vf/install/gesture_recognition_pkg/bin'
[4.727s] Level 1:colcon.colcon_core.environment:checking '/home/jaumemil/tfg_jaume_vf/install/gesture_recognition_pkg/lib/pkgconfig/gesture_recognition_pkg.pc'
[4.727s] Level 1:colcon.colcon_core.environment:checking '/home/jaumemil/tfg_jaume_vf/install/gesture_recognition_pkg/lib/python3.12/site-packages'
[4.728s] Level 1:colcon.colcon_core.shell:create_environment_hook('gesture_recognition_pkg', 'pythonpath')
[4.728s] INFO:colcon.colcon_core.shell:Creating environment hook '/home/jaumemil/tfg_jaume_vf/install/gesture_recognition_pkg/share/gesture_recognition_pkg/hook/pythonpath.ps1'
[4.729s] INFO:colcon.colcon_core.shell:Creating environment descriptor '/home/jaumemil/tfg_jaume_vf/install/gesture_recognition_pkg/share/gesture_recognition_pkg/hook/pythonpath.dsv'
[4.729s] INFO:colcon.colcon_core.shell:Creating environment hook '/home/jaumemil/tfg_jaume_vf/install/gesture_recognition_pkg/share/gesture_recognition_pkg/hook/pythonpath.sh'
[4.731s] Level 1:colcon.colcon_core.environment:checking '/home/jaumemil/tfg_jaume_vf/install/gesture_recognition_pkg/bin'
[4.731s] Level 1:colcon.colcon_core.environment:create_environment_scripts_only(gesture_recognition_pkg)
[4.731s] INFO:colcon.colcon_core.shell:Creating package script '/home/jaumemil/tfg_jaume_vf/install/gesture_recognition_pkg/share/gesture_recognition_pkg/package.ps1'
[4.732s] INFO:colcon.colcon_core.shell:Creating package descriptor '/home/jaumemil/tfg_jaume_vf/install/gesture_recognition_pkg/share/gesture_recognition_pkg/package.dsv'
[4.733s] INFO:colcon.colcon_core.shell:Creating package script '/home/jaumemil/tfg_jaume_vf/install/gesture_recognition_pkg/share/gesture_recognition_pkg/package.sh'
[4.734s] INFO:colcon.colcon_core.shell:Creating package script '/home/jaumemil/tfg_jaume_vf/install/gesture_recognition_pkg/share/gesture_recognition_pkg/package.bash'
[4.734s] INFO:colcon.colcon_core.shell:Creating package script '/home/jaumemil/tfg_jaume_vf/install/gesture_recognition_pkg/share/gesture_recognition_pkg/package.zsh'
[4.736s] Level 1:colcon.colcon_core.environment:create_file_with_runtime_dependencies(/home/jaumemil/tfg_jaume_vf/install/gesture_recognition_pkg/share/colcon-core/packages/gesture_recognition_pkg)
[4.736s] DEBUG:colcon.colcon_parallel_executor.executor.parallel:closing loop
[4.737s] DEBUG:colcon.colcon_parallel_executor.executor.parallel:loop closed
[4.738s] DEBUG:colcon.colcon_parallel_executor.executor.parallel:run_until_complete finished with '0'
[4.738s] DEBUG:colcon.colcon_core.event_reactor:joining thread
[4.751s] INFO:colcon.colcon_core.plugin_system:Skipping extension 'colcon_notification.desktop_notification.terminal_notifier': Not used on non-Darwin systems
[4.751s] INFO:colcon.colcon_core.plugin_system:Skipping extension 'colcon_notification.desktop_notification.win32': Not used on non-Windows systems
[4.751s] INFO:colcon.colcon_notification.desktop_notification:Sending desktop notification using 'notify2'
[4.797s] DEBUG:colcon.colcon_core.event_reactor:joined thread
[4.797s] INFO:colcon.colcon_core.shell:Creating prefix script '/home/jaumemil/tfg_jaume_vf/install/local_setup.ps1'
[4.799s] INFO:colcon.colcon_core.shell:Creating prefix util module '/home/jaumemil/tfg_jaume_vf/install/_local_setup_util_ps1.py'
[4.801s] INFO:colcon.colcon_core.shell:Creating prefix chain script '/home/jaumemil/tfg_jaume_vf/install/setup.ps1'
[4.802s] INFO:colcon.colcon_core.shell:Creating prefix script '/home/jaumemil/tfg_jaume_vf/install/local_setup.sh'
[4.803s] INFO:colcon.colcon_core.shell:Creating prefix util module '/home/jaumemil/tfg_jaume_vf/install/_local_setup_util_sh.py'
[4.804s] INFO:colcon.colcon_core.shell:Creating prefix chain script '/home/jaumemil/tfg_jaume_vf/install/setup.sh'
[4.806s] INFO:colcon.colcon_core.shell:Creating prefix script '/home/jaumemil/tfg_jaume_vf/install/local_setup.bash'
[4.807s] INFO:colcon.colcon_core.shell:Creating prefix chain script '/home/jaumemil/tfg_jaume_vf/install/setup.bash'
[4.809s] INFO:colcon.colcon_core.shell:Creating prefix script '/home/jaumemil/tfg_jaume_vf/install/local_setup.zsh'
[4.810s] INFO:colcon.colcon_core.shell:Creating prefix chain script '/home/jaumemil/tfg_jaume_vf/install/setup.zsh'
