running egg_info
writing ../../build/gesture_recognition_pkg/gesture_recognition_pkg.egg-info/PKG-INFO
writing dependency_links to ../../build/gesture_recognition_pkg/gesture_recognition_pkg.egg-info/dependency_links.txt
writing entry points to ../../build/gesture_recognition_pkg/gesture_recognition_pkg.egg-info/entry_points.txt
writing requirements to ../../build/gesture_recognition_pkg/gesture_recognition_pkg.egg-info/requires.txt
writing top-level names to ../../build/gesture_recognition_pkg/gesture_recognition_pkg.egg-info/top_level.txt
reading manifest file '../../build/gesture_recognition_pkg/gesture_recognition_pkg.egg-info/SOURCES.txt'
writing manifest file '../../build/gesture_recognition_pkg/gesture_recognition_pkg.egg-info/SOURCES.txt'
running build
running build_py
copying gesture_recognition_pkg/vision_node.py -> /home/jaumemil/turtlebot_mediapipe_ws/build/gesture_recognition_pkg/build/lib/gesture_recognition_pkg
running install
running install_lib
copying /home/jaumemil/turtlebot_mediapipe_ws/build/gesture_recognition_pkg/build/lib/gesture_recognition_pkg/vision_node.py -> /home/jaumemil/turtlebot_mediapipe_ws/install/gesture_recognition_pkg/lib/python3.12/site-packages/gesture_recognition_pkg
byte-compiling /home/jaumemil/turtlebot_mediapipe_ws/install/gesture_recognition_pkg/lib/python3.12/site-packages/gesture_recognition_pkg/vision_node.py to vision_node.cpython-312.pyc
running install_data
running install_egg_info
removing '/home/jaumemil/turtlebot_mediapipe_ws/install/gesture_recognition_pkg/lib/python3.12/site-packages/gesture_recognition_pkg-0.0.0-py3.12.egg-info' (and everything under it)
Copying ../../build/gesture_recognition_pkg/gesture_recognition_pkg.egg-info to /home/jaumemil/turtlebot_mediapipe_ws/install/gesture_recognition_pkg/lib/python3.12/site-packages/gesture_recognition_pkg-0.0.0-py3.12.egg-info
running install_scripts
Installing vision_node script to /home/jaumemil/turtlebot_mediapipe_ws/install/gesture_recognition_pkg/lib/gesture_recognition_pkg
writing list of installed files to '/home/jaumemil/turtlebot_mediapipe_ws/build/gesture_recognition_pkg/install.log'
