[0.569s] Invoking command in '/home/jaumemil/turtlebot_mediapipe_ws/src/gesture_recognition_pkg': DEBUGINFOD_URLS=https://debuginfod.ubuntu.com PYTHONPATH=/home/jaumemil/turtlebot_mediapipe_ws/build/gesture_recognition_pkg/prefix_override:/usr/lib/python3/dist-packages/colcon_core/task/python/colcon_distutils_commands:/home/jaumemil/turtlebot_mediapipe_ws/install/gesture_recognition_pkg/lib/python3.12/site-packages:${PYTHONPATH} /usr/bin/python3 -W ignore:setup.py install is deprecated -W ignore:easy_install command is deprecated setup.py egg_info --egg-base ../../build/gesture_recognition_pkg build --build-base /home/jaumemil/turtlebot_mediapipe_ws/build/gesture_recognition_pkg/build install --record /home/jaumemil/turtlebot_mediapipe_ws/build/gesture_recognition_pkg/install.log --single-version-externally-managed install_data
[0.703s] running egg_info
[0.713s] writing ../../build/gesture_recognition_pkg/gesture_recognition_pkg.egg-info/PKG-INFO
[0.713s] writing dependency_links to ../../build/gesture_recognition_pkg/gesture_recognition_pkg.egg-info/dependency_links.txt
[0.713s] writing entry points to ../../build/gesture_recognition_pkg/gesture_recognition_pkg.egg-info/entry_points.txt
[0.713s] writing requirements to ../../build/gesture_recognition_pkg/gesture_recognition_pkg.egg-info/requires.txt
[0.714s] writing top-level names to ../../build/gesture_recognition_pkg/gesture_recognition_pkg.egg-info/top_level.txt
[0.733s] reading manifest file '../../build/gesture_recognition_pkg/gesture_recognition_pkg.egg-info/SOURCES.txt'
[0.734s] writing manifest file '../../build/gesture_recognition_pkg/gesture_recognition_pkg.egg-info/SOURCES.txt'
[0.734s] running build
[0.734s] running build_py
[0.734s] copying gesture_recognition_pkg/vision_node.py -> /home/jaumemil/turtlebot_mediapipe_ws/build/gesture_recognition_pkg/build/lib/gesture_recognition_pkg
[0.735s] running install
[0.738s] running install_lib
[0.748s] copying /home/jaumemil/turtlebot_mediapipe_ws/build/gesture_recognition_pkg/build/lib/gesture_recognition_pkg/vision_node.py -> /home/jaumemil/turtlebot_mediapipe_ws/install/gesture_recognition_pkg/lib/python3.12/site-packages/gesture_recognition_pkg
[0.748s] byte-compiling /home/jaumemil/turtlebot_mediapipe_ws/install/gesture_recognition_pkg/lib/python3.12/site-packages/gesture_recognition_pkg/vision_node.py to vision_node.cpython-312.pyc
[0.749s] running install_data
[0.749s] running install_egg_info
[0.759s] removing '/home/jaumemil/turtlebot_mediapipe_ws/install/gesture_recognition_pkg/lib/python3.12/site-packages/gesture_recognition_pkg-0.0.0-py3.12.egg-info' (and everything under it)
[0.759s] Copying ../../build/gesture_recognition_pkg/gesture_recognition_pkg.egg-info to /home/jaumemil/turtlebot_mediapipe_ws/install/gesture_recognition_pkg/lib/python3.12/site-packages/gesture_recognition_pkg-0.0.0-py3.12.egg-info
[0.760s] running install_scripts
[0.838s] Installing vision_node script to /home/jaumemil/turtlebot_mediapipe_ws/install/gesture_recognition_pkg/lib/gesture_recognition_pkg
[0.838s] writing list of installed files to '/home/jaumemil/turtlebot_mediapipe_ws/build/gesture_recognition_pkg/install.log'
[0.857s] Invoked command in '/home/jaumemil/turtlebot_mediapipe_ws/src/gesture_recognition_pkg' returned '0': DEBUGINFOD_URLS=https://debuginfod.ubuntu.com PYTHONPATH=/home/jaumemil/turtlebot_mediapipe_ws/build/gesture_recognition_pkg/prefix_override:/usr/lib/python3/dist-packages/colcon_core/task/python/colcon_distutils_commands:/home/jaumemil/turtlebot_mediapipe_ws/install/gesture_recognition_pkg/lib/python3.12/site-packages:${PYTHONPATH} /usr/bin/python3 -W ignore:setup.py install is deprecated -W ignore:easy_install command is deprecated setup.py egg_info --egg-base ../../build/gesture_recognition_pkg build --build-base /home/jaumemil/turtlebot_mediapipe_ws/build/gesture_recognition_pkg/build install --record /home/jaumemil/turtlebot_mediapipe_ws/build/gesture_recognition_pkg/install.log --single-version-externally-managed install_data
