running develop
running egg_info
creating gesture_recognition_pkg.egg-info
writing gesture_recognition_pkg.egg-info/PKG-INFO
writing dependency_links to gesture_recognition_pkg.egg-info/dependency_links.txt
writing entry points to gesture_recognition_pkg.egg-info/entry_points.txt
writing requirements to gesture_recognition_pkg.egg-info/requires.txt
writing top-level names to gesture_recognition_pkg.egg-info/top_level.txt
writing manifest file 'gesture_recognition_pkg.egg-info/SOURCES.txt'
reading manifest file 'gesture_recognition_pkg.egg-info/SOURCES.txt'
writing manifest file 'gesture_recognition_pkg.egg-info/SOURCES.txt'
running build_ext
Creating /home/jaumemil/tfg_jaume_vf/install/gesture_recognition_pkg/lib/python3.12/site-packages/gesture-recognition-pkg.egg-link (link to .)
Installing vision_node script to /home/jaumemil/tfg_jaume_vf/install/gesture_recognition_pkg/lib/gesture_recognition_pkg

Installed /home/jaumemil/tfg_jaume_vf/build/gesture_recognition_pkg
running symlink_data
creating /home/jaumemil/tfg_jaume_vf/install/gesture_recognition_pkg/share/ament_index
creating /home/jaumemil/tfg_jaume_vf/install/gesture_recognition_pkg/share/ament_index/resource_index
creating /home/jaumemil/tfg_jaume_vf/install/gesture_recognition_pkg/share/ament_index/resource_index/packages
symbolically linking /home/jaumemil/tfg_jaume_vf/build/gesture_recognition_pkg/resource/gesture_recognition_pkg -> /home/jaumemil/tfg_jaume_vf/install/gesture_recognition_pkg/share/ament_index/resource_index/packages
symbolically linking /home/jaumemil/tfg_jaume_vf/build/gesture_recognition_pkg/package.xml -> /home/jaumemil/tfg_jaume_vf/install/gesture_recognition_pkg/share/gesture_recognition_pkg
creating /home/jaumemil/tfg_jaume_vf/install/gesture_recognition_pkg/share/gesture_recognition_pkg/models
symbolically linking /home/jaumemil/tfg_jaume_vf/build/gesture_recognition_pkg/gesture_recognition_pkg/models/eureka_model.pth -> /home/jaumemil/tfg_jaume_vf/install/gesture_recognition_pkg/share/gesture_recognition_pkg/models
