[2.491s] Invoking command in '/home/jaumemil/tfg_jaume_vf/build/gesture_recognition_pkg': DEBUGINFOD_URLS=https://debuginfod.ubuntu.com PYTHONPATH=/home/jaumemil/tfg_jaume_vf/build/gesture_recognition_pkg/prefix_override:/usr/lib/python3/dist-packages/colcon_core/task/python/colcon_distutils_commands:/home/jaumemil/tfg_jaume_vf/install/gesture_recognition_pkg/lib/python3.12/site-packages:${PYTHONPATH} /usr/bin/python3 -W ignore:setup.py install is deprecated -W ignore:easy_install command is deprecated setup.py develop --editable --build-directory /home/jaumemil/tfg_jaume_vf/build/gesture_recognition_pkg/build --no-deps symlink_data
[3.278s] running develop
[3.799s] running egg_info
[3.800s] creating gesture_recognition_pkg.egg-info
[3.853s] writing gesture_recognition_pkg.egg-info/PKG-INFO
[3.853s] writing dependency_links to gesture_recognition_pkg.egg-info/dependency_links.txt
[3.854s] writing entry points to gesture_recognition_pkg.egg-info/entry_points.txt
[3.854s] writing requirements to gesture_recognition_pkg.egg-info/requires.txt
[3.854s] writing top-level names to gesture_recognition_pkg.egg-info/top_level.txt
[3.855s] writing manifest file 'gesture_recognition_pkg.egg-info/SOURCES.txt'
[3.960s] reading manifest file 'gesture_recognition_pkg.egg-info/SOURCES.txt'
[3.961s] writing manifest file 'gesture_recognition_pkg.egg-info/SOURCES.txt'
[4.017s] running build_ext
[4.017s] Creating /home/jaumemil/tfg_jaume_vf/install/gesture_recognition_pkg/lib/python3.12/site-packages/gesture-recognition-pkg.egg-link (link to .)
[4.020s] Installing vision_node script to /home/jaumemil/tfg_jaume_vf/install/gesture_recognition_pkg/lib/gesture_recognition_pkg
[4.021s] 
[4.023s] Installed /home/jaumemil/tfg_jaume_vf/build/gesture_recognition_pkg
[4.023s] running symlink_data
[4.024s] creating /home/jaumemil/tfg_jaume_vf/install/gesture_recognition_pkg/share/ament_index
[4.024s] creating /home/jaumemil/tfg_jaume_vf/install/gesture_recognition_pkg/share/ament_index/resource_index
[4.024s] creating /home/jaumemil/tfg_jaume_vf/install/gesture_recognition_pkg/share/ament_index/resource_index/packages
[4.025s] symbolically linking /home/jaumemil/tfg_jaume_vf/build/gesture_recognition_pkg/resource/gesture_recognition_pkg -> /home/jaumemil/tfg_jaume_vf/install/gesture_recognition_pkg/share/ament_index/resource_index/packages
[4.025s] symbolically linking /home/jaumemil/tfg_jaume_vf/build/gesture_recognition_pkg/package.xml -> /home/jaumemil/tfg_jaume_vf/install/gesture_recognition_pkg/share/gesture_recognition_pkg
[4.025s] creating /home/jaumemil/tfg_jaume_vf/install/gesture_recognition_pkg/share/gesture_recognition_pkg/models
[4.026s] symbolically linking /home/jaumemil/tfg_jaume_vf/build/gesture_recognition_pkg/gesture_recognition_pkg/models/eureka_model.pth -> /home/jaumemil/tfg_jaume_vf/install/gesture_recognition_pkg/share/gesture_recognition_pkg/models
[4.102s] Invoked command in '/home/jaumemil/tfg_jaume_vf/build/gesture_recognition_pkg' returned '0': DEBUGINFOD_URLS=https://debuginfod.ubuntu.com PYTHONPATH=/home/jaumemil/tfg_jaume_vf/build/gesture_recognition_pkg/prefix_override:/usr/lib/python3/dist-packages/colcon_core/task/python/colcon_distutils_commands:/home/jaumemil/tfg_jaume_vf/install/gesture_recognition_pkg/lib/python3.12/site-packages:${PYTHONPATH} /usr/bin/python3 -W ignore:setup.py install is deprecated -W ignore:easy_install command is deprecated setup.py develop --editable --build-directory /home/jaumemil/tfg_jaume_vf/build/gesture_recognition_pkg/build --no-deps symlink_data
