running egg_info
creating ../../build/gesture_recognition_pkg/gesture_recognition_pkg.egg-info
writing ../../build/gesture_recognition_pkg/gesture_recognition_pkg.egg-info/PKG-INFO
writing dependency_links to ../../build/gesture_recognition_pkg/gesture_recognition_pkg.egg-info/dependency_links.txt
writing entry points to ../../build/gesture_recognition_pkg/gesture_recognition_pkg.egg-info/entry_points.txt
writing requirements to ../../build/gesture_recognition_pkg/gesture_recognition_pkg.egg-info/requires.txt
writing top-level names to ../../build/gesture_recognition_pkg/gesture_recognition_pkg.egg-info/top_level.txt
writing manifest file '../../build/gesture_recognition_pkg/gesture_recognition_pkg.egg-info/SOURCES.txt'
reading manifest file '../../build/gesture_recognition_pkg/gesture_recognition_pkg.egg-info/SOURCES.txt'
writing manifest file '../../build/gesture_recognition_pkg/gesture_recognition_pkg.egg-info/SOURCES.txt'
running build
running build_py
creating /home/jaumemil/turtlebot_mediapipe_ws/build/gesture_recognition_pkg/build
creating /home/jaumemil/turtlebot_mediapipe_ws/build/gesture_recognition_pkg/build/lib
creating /home/jaumemil/turtlebot_mediapipe_ws/build/gesture_recognition_pkg/build/lib/gesture_recognition_pkg
copying gesture_recognition_pkg/__init__.py -> /home/jaumemil/turtlebot_mediapipe_ws/build/gesture_recognition_pkg/build/lib/gesture_recognition_pkg
copying gesture_recognition_pkg/vision_node.py -> /home/jaumemil/turtlebot_mediapipe_ws/build/gesture_recognition_pkg/build/lib/gesture_recognition_pkg
running install
running install_lib
creating /home/jaumemil/turtlebot_mediapipe_ws/install/gesture_recognition_pkg/lib/python3.12/site-packages/gesture_recognition_pkg
copying /home/jaumemil/turtlebot_mediapipe_ws/build/gesture_recognition_pkg/build/lib/gesture_recognition_pkg/__init__.py -> /home/jaumemil/turtlebot_mediapipe_ws/install/gesture_recognition_pkg/lib/python3.12/site-packages/gesture_recognition_pkg
copying /home/jaumemil/turtlebot_mediapipe_ws/build/gesture_recognition_pkg/build/lib/gesture_recognition_pkg/vision_node.py -> /home/jaumemil/turtlebot_mediapipe_ws/install/gesture_recognition_pkg/lib/python3.12/site-packages/gesture_recognition_pkg
byte-compiling /home/jaumemil/turtlebot_mediapipe_ws/install/gesture_recognition_pkg/lib/python3.12/site-packages/gesture_recognition_pkg/__init__.py to __init__.cpython-312.pyc
byte-compiling /home/jaumemil/turtlebot_mediapipe_ws/install/gesture_recognition_pkg/lib/python3.12/site-packages/gesture_recognition_pkg/vision_node.py to vision_node.cpython-312.pyc
running install_data
creating /home/jaumemil/turtlebot_mediapipe_ws/install/gesture_recognition_pkg/share/ament_index
creating /home/jaumemil/turtlebot_mediapipe_ws/install/gesture_recognition_pkg/share/ament_index/resource_index
creating /home/jaumemil/turtlebot_mediapipe_ws/install/gesture_recognition_pkg/share/ament_index/resource_index/packages
copying resource/gesture_recognition_pkg -> /home/jaumemil/turtlebot_mediapipe_ws/install/gesture_recognition_pkg/share/ament_index/resource_index/packages
copying package.xml -> /home/jaumemil/turtlebot_mediapipe_ws/install/gesture_recognition_pkg/share/gesture_recognition_pkg
running install_egg_info
Copying ../../build/gesture_recognition_pkg/gesture_recognition_pkg.egg-info to /home/jaumemil/turtlebot_mediapipe_ws/install/gesture_recognition_pkg/lib/python3.12/site-packages/gesture_recognition_pkg-0.0.0-py3.12.egg-info
running install_scripts
Installing vision_node script to /home/jaumemil/turtlebot_mediapipe_ws/install/gesture_recognition_pkg/lib/gesture_recognition_pkg
writing list of installed files to '/home/jaumemil/turtlebot_mediapipe_ws/build/gesture_recognition_pkg/install.log'
