running egg_info
creating ../../build/turtlebot_control_pkg/turtlebot_control_pkg.egg-info
writing ../../build/turtlebot_control_pkg/turtlebot_control_pkg.egg-info/PKG-INFO
writing dependency_links to ../../build/turtlebot_control_pkg/turtlebot_control_pkg.egg-info/dependency_links.txt
writing entry points to ../../build/turtlebot_control_pkg/turtlebot_control_pkg.egg-info/entry_points.txt
writing requirements to ../../build/turtlebot_control_pkg/turtlebot_control_pkg.egg-info/requires.txt
writing top-level names to ../../build/turtlebot_control_pkg/turtlebot_control_pkg.egg-info/top_level.txt
writing manifest file '../../build/turtlebot_control_pkg/turtlebot_control_pkg.egg-info/SOURCES.txt'
reading manifest file '../../build/turtlebot_control_pkg/turtlebot_control_pkg.egg-info/SOURCES.txt'
writing manifest file '../../build/turtlebot_control_pkg/turtlebot_control_pkg.egg-info/SOURCES.txt'
running build
running build_py
creating /home/jaumemil/turtlebot_mediapipe_ws/build/turtlebot_control_pkg/build
creating /home/jaumemil/turtlebot_mediapipe_ws/build/turtlebot_control_pkg/build/lib
creating /home/jaumemil/turtlebot_mediapipe_ws/build/turtlebot_control_pkg/build/lib/turtlebot_control_pkg
copying turtlebot_control_pkg/__init__.py -> /home/jaumemil/turtlebot_mediapipe_ws/build/turtlebot_control_pkg/build/lib/turtlebot_control_pkg
copying turtlebot_control_pkg/control_node.py -> /home/jaumemil/turtlebot_mediapipe_ws/build/turtlebot_control_pkg/build/lib/turtlebot_control_pkg
running install
running install_lib
creating /home/jaumemil/turtlebot_mediapipe_ws/install/turtlebot_control_pkg/lib/python3.12/site-packages/turtlebot_control_pkg
copying /home/jaumemil/turtlebot_mediapipe_ws/build/turtlebot_control_pkg/build/lib/turtlebot_control_pkg/__init__.py -> /home/jaumemil/turtlebot_mediapipe_ws/install/turtlebot_control_pkg/lib/python3.12/site-packages/turtlebot_control_pkg
copying /home/jaumemil/turtlebot_mediapipe_ws/build/turtlebot_control_pkg/build/lib/turtlebot_control_pkg/control_node.py -> /home/jaumemil/turtlebot_mediapipe_ws/install/turtlebot_control_pkg/lib/python3.12/site-packages/turtlebot_control_pkg
byte-compiling /home/jaumemil/turtlebot_mediapipe_ws/install/turtlebot_control_pkg/lib/python3.12/site-packages/turtlebot_control_pkg/__init__.py to __init__.cpython-312.pyc
byte-compiling /home/jaumemil/turtlebot_mediapipe_ws/install/turtlebot_control_pkg/lib/python3.12/site-packages/turtlebot_control_pkg/control_node.py to control_node.cpython-312.pyc
running install_data
creating /home/jaumemil/turtlebot_mediapipe_ws/install/turtlebot_control_pkg/share/ament_index
creating /home/jaumemil/turtlebot_mediapipe_ws/install/turtlebot_control_pkg/share/ament_index/resource_index
creating /home/jaumemil/turtlebot_mediapipe_ws/install/turtlebot_control_pkg/share/ament_index/resource_index/packages
copying resource/turtlebot_control_pkg -> /home/jaumemil/turtlebot_mediapipe_ws/install/turtlebot_control_pkg/share/ament_index/resource_index/packages
copying package.xml -> /home/jaumemil/turtlebot_mediapipe_ws/install/turtlebot_control_pkg/share/turtlebot_control_pkg
running install_egg_info
Copying ../../build/turtlebot_control_pkg/turtlebot_control_pkg.egg-info to /home/jaumemil/turtlebot_mediapipe_ws/install/turtlebot_control_pkg/lib/python3.12/site-packages/turtlebot_control_pkg-0.0.0-py3.12.egg-info
running install_scripts
Installing control_node script to /home/jaumemil/turtlebot_mediapipe_ws/install/turtlebot_control_pkg/lib/turtlebot_control_pkg
writing list of installed files to '/home/jaumemil/turtlebot_mediapipe_ws/build/turtlebot_control_pkg/install.log'
