[0.696s] Invoking command in '/home/jaumemil/turtlebot_mediapipe_ws/src/turtlebot_control_pkg': DEBUGINFOD_URLS=https://debuginfod.ubuntu.com PYTHONPATH=/home/jaumemil/turtlebot_mediapipe_ws/build/turtlebot_control_pkg/prefix_override:/usr/lib/python3/dist-packages/colcon_core/task/python/colcon_distutils_commands:/home/jaumemil/turtlebot_mediapipe_ws/install/turtlebot_control_pkg/lib/python3.12/site-packages:${PYTHONPATH} /usr/bin/python3 -W ignore:setup.py install is deprecated -W ignore:easy_install command is deprecated setup.py egg_info --egg-base ../../build/turtlebot_control_pkg build --build-base /home/jaumemil/turtlebot_mediapipe_ws/build/turtlebot_control_pkg/build install --record /home/jaumemil/turtlebot_mediapipe_ws/build/turtlebot_control_pkg/install.log --single-version-externally-managed install_data
[0.826s] running egg_info
[0.827s] creating ../../build/turtlebot_control_pkg/turtlebot_control_pkg.egg-info
[0.835s] writing ../../build/turtlebot_control_pkg/turtlebot_control_pkg.egg-info/PKG-INFO
[0.835s] writing dependency_links to ../../build/turtlebot_control_pkg/turtlebot_control_pkg.egg-info/dependency_links.txt
[0.835s] writing entry points to ../../build/turtlebot_control_pkg/turtlebot_control_pkg.egg-info/entry_points.txt
[0.835s] writing requirements to ../../build/turtlebot_control_pkg/turtlebot_control_pkg.egg-info/requires.txt
[0.835s] writing top-level names to ../../build/turtlebot_control_pkg/turtlebot_control_pkg.egg-info/top_level.txt
[0.835s] writing manifest file '../../build/turtlebot_control_pkg/turtlebot_control_pkg.egg-info/SOURCES.txt'
[0.854s] reading manifest file '../../build/turtlebot_control_pkg/turtlebot_control_pkg.egg-info/SOURCES.txt'
[0.855s] writing manifest file '../../build/turtlebot_control_pkg/turtlebot_control_pkg.egg-info/SOURCES.txt'
[0.855s] running build
[0.855s] running build_py
[0.855s] creating /home/jaumemil/turtlebot_mediapipe_ws/build/turtlebot_control_pkg/build
[0.856s] creating /home/jaumemil/turtlebot_mediapipe_ws/build/turtlebot_control_pkg/build/lib
[0.856s] creating /home/jaumemil/turtlebot_mediapipe_ws/build/turtlebot_control_pkg/build/lib/turtlebot_control_pkg
[0.856s] copying turtlebot_control_pkg/__init__.py -> /home/jaumemil/turtlebot_mediapipe_ws/build/turtlebot_control_pkg/build/lib/turtlebot_control_pkg
[0.856s] copying turtlebot_control_pkg/control_node.py -> /home/jaumemil/turtlebot_mediapipe_ws/build/turtlebot_control_pkg/build/lib/turtlebot_control_pkg
[0.856s] running install
[0.859s] running install_lib
[0.868s] creating /home/jaumemil/turtlebot_mediapipe_ws/install/turtlebot_control_pkg/lib/python3.12/site-packages/turtlebot_control_pkg
[0.868s] copying /home/jaumemil/turtlebot_mediapipe_ws/build/turtlebot_control_pkg/build/lib/turtlebot_control_pkg/__init__.py -> /home/jaumemil/turtlebot_mediapipe_ws/install/turtlebot_control_pkg/lib/python3.12/site-packages/turtlebot_control_pkg
[0.868s] copying /home/jaumemil/turtlebot_mediapipe_ws/build/turtlebot_control_pkg/build/lib/turtlebot_control_pkg/control_node.py -> /home/jaumemil/turtlebot_mediapipe_ws/install/turtlebot_control_pkg/lib/python3.12/site-packages/turtlebot_control_pkg
[0.868s] byte-compiling /home/jaumemil/turtlebot_mediapipe_ws/install/turtlebot_control_pkg/lib/python3.12/site-packages/turtlebot_control_pkg/__init__.py to __init__.cpython-312.pyc
[0.869s] byte-compiling /home/jaumemil/turtlebot_mediapipe_ws/install/turtlebot_control_pkg/lib/python3.12/site-packages/turtlebot_control_pkg/control_node.py to control_node.cpython-312.pyc
[0.869s] running install_data
[0.869s] creating /home/jaumemil/turtlebot_mediapipe_ws/install/turtlebot_control_pkg/share/ament_index
[0.869s] creating /home/jaumemil/turtlebot_mediapipe_ws/install/turtlebot_control_pkg/share/ament_index/resource_index
[0.869s] creating /home/jaumemil/turtlebot_mediapipe_ws/install/turtlebot_control_pkg/share/ament_index/resource_index/packages
[0.869s] copying resource/turtlebot_control_pkg -> /home/jaumemil/turtlebot_mediapipe_ws/install/turtlebot_control_pkg/share/ament_index/resource_index/packages
[0.869s] copying package.xml -> /home/jaumemil/turtlebot_mediapipe_ws/install/turtlebot_control_pkg/share/turtlebot_control_pkg
[0.869s] running install_egg_info
[0.880s] Copying ../../build/turtlebot_control_pkg/turtlebot_control_pkg.egg-info to /home/jaumemil/turtlebot_mediapipe_ws/install/turtlebot_control_pkg/lib/python3.12/site-packages/turtlebot_control_pkg-0.0.0-py3.12.egg-info
[0.880s] running install_scripts
[0.959s] Installing control_node script to /home/jaumemil/turtlebot_mediapipe_ws/install/turtlebot_control_pkg/lib/turtlebot_control_pkg
[0.959s] writing list of installed files to '/home/jaumemil/turtlebot_mediapipe_ws/build/turtlebot_control_pkg/install.log'
[0.981s] Invoked command in '/home/jaumemil/turtlebot_mediapipe_ws/src/turtlebot_control_pkg' returned '0': DEBUGINFOD_URLS=https://debuginfod.ubuntu.com PYTHONPATH=/home/jaumemil/turtlebot_mediapipe_ws/build/turtlebot_control_pkg/prefix_override:/usr/lib/python3/dist-packages/colcon_core/task/python/colcon_distutils_commands:/home/jaumemil/turtlebot_mediapipe_ws/install/turtlebot_control_pkg/lib/python3.12/site-packages:${PYTHONPATH} /usr/bin/python3 -W ignore:setup.py install is deprecated -W ignore:easy_install command is deprecated setup.py egg_info --egg-base ../../build/turtlebot_control_pkg build --build-base /home/jaumemil/turtlebot_mediapipe_ws/build/turtlebot_control_pkg/build install --record /home/jaumemil/turtlebot_mediapipe_ws/build/turtlebot_control_pkg/install.log --single-version-externally-managed install_data
