[0.060s] DEBUG:colcon:Command line arguments: ['/usr/bin/colcon', 'build', '--symlink-install']
[0.060s] DEBUG:colcon:Parsed command line arguments: Namespace(log_base=None, log_level=None, verb_name='build', build_base='build', install_base='install', merge_install=False, symlink_install=True, test_result_base=None, continue_on_error=False, executor='parallel', parallel_workers=4, event_handlers=None, ignore_user_meta=False, metas=['./colcon.meta'], base_paths=['.'], packages_ignore=None, packages_ignore_regex=None, paths=None, packages_up_to=None, packages_up_to_regex=None, packages_above=None, packages_above_and_dependencies=None, packages_above_depth=None, packages_select_by_dep=None, packages_skip_by_dep=None, packages_skip_up_to=None, packages_select_build_failed=False, packages_skip_build_finished=False, packages_select_test_failures=False, packages_skip_test_passed=False, packages_select=None, packages_skip=None, packages_select_regex=None, packages_skip_regex=None, packages_start=None, packages_end=None, allow_overriding=[], cmake_args=None, cmake_target=None, cmake_target_skip_unavailable=False, cmake_clean_cache=False, cmake_clean_first=False, cmake_force_configure=False, ament_cmake_args=None, catkin_cmake_args=None, catkin_skip_building_tests=False, verb_parser=<colcon_defaults.argument_parser.defaults.DefaultArgumentsDecorator object at 0xeb27b6fa0d40>, verb_extension=<colcon_core.verb.build.BuildVerb object at 0xeb27b6fa0b90>, main=<bound method BuildVerb.main of <colcon_core.verb.build.BuildVerb object at 0xeb27b6fa0b90>>)
[0.084s] Level 1:colcon.colcon_core.package_discovery:discover_packages(colcon_meta) check parameters
[0.084s] Level 1:colcon.colcon_core.package_discovery:discover_packages(recursive) check parameters
[0.084s] Level 1:colcon.colcon_core.package_discovery:discover_packages(ignore) check parameters
[0.084s] Level 1:colcon.colcon_core.package_discovery:discover_packages(path) check parameters
[0.084s] Level 1:colcon.colcon_core.package_discovery:discover_packages(colcon_meta) discover
[0.084s] Level 1:colcon.colcon_core.package_discovery:discover_packages(recursive) discover
[0.084s] INFO:colcon.colcon_core.package_discovery:Crawling recursively for packages in '/home/jaumemil/turtlebot_mediapipe_ws'
[0.084s] Level 1:colcon.colcon_core.package_identification:_identify(.) by extensions ['ignore', 'ignore_ament_install']
[0.084s] Level 1:colcon.colcon_core.package_identification:_identify(.) by extension 'ignore'
[0.084s] Level 1:colcon.colcon_core.package_identification:_identify(.) by extension 'ignore_ament_install'
[0.084s] Level 1:colcon.colcon_core.package_identification:_identify(.) by extensions ['colcon_pkg']
[0.084s] Level 1:colcon.colcon_core.package_identification:_identify(.) by extension 'colcon_pkg'
[0.084s] Level 1:colcon.colcon_core.package_identification:_identify(.) by extensions ['colcon_meta']
[0.084s] Level 1:colcon.colcon_core.package_identification:_identify(.) by extension 'colcon_meta'
[0.084s] Level 1:colcon.colcon_core.package_identification:_identify(.) by extensions ['ros']
[0.084s] Level 1:colcon.colcon_core.package_identification:_identify(.) by extension 'ros'
[0.099s] Level 1:colcon.colcon_core.package_identification:_identify(.) by extensions ['cmake', 'python']
[0.099s] Level 1:colcon.colcon_core.package_identification:_identify(.) by extension 'cmake'
[0.099s] Level 1:colcon.colcon_core.package_identification:_identify(.) by extension 'python'
[0.099s] Level 1:colcon.colcon_core.package_identification:_identify(.) by extensions ['python_setup_py']
[0.099s] Level 1:colcon.colcon_core.package_identification:_identify(.) by extension 'python_setup_py'
[0.099s] Level 1:colcon.colcon_core.package_identification:_identify(build) by extensions ['ignore', 'ignore_ament_install']
[0.099s] Level 1:colcon.colcon_core.package_identification:_identify(build) by extension 'ignore'
[0.099s] Level 1:colcon.colcon_core.package_identification:_identify(build) ignored
[0.100s] Level 1:colcon.colcon_core.package_identification:_identify(install) by extensions ['ignore', 'ignore_ament_install']
[0.100s] Level 1:colcon.colcon_core.package_identification:_identify(install) by extension 'ignore'
[0.100s] Level 1:colcon.colcon_core.package_identification:_identify(install) ignored
[0.100s] Level 1:colcon.colcon_core.package_identification:_identify(log) by extensions ['ignore', 'ignore_ament_install']
[0.100s] Level 1:colcon.colcon_core.package_identification:_identify(log) by extension 'ignore'
[0.100s] Level 1:colcon.colcon_core.package_identification:_identify(log) ignored
[0.100s] Level 1:colcon.colcon_core.package_identification:_identify(src) by extensions ['ignore', 'ignore_ament_install']
[0.100s] Level 1:colcon.colcon_core.package_identification:_identify(src) by extension 'ignore'
[0.100s] Level 1:colcon.colcon_core.package_identification:_identify(src) by extension 'ignore_ament_install'
[0.100s] Level 1:colcon.colcon_core.package_identification:_identify(src) by extensions ['colcon_pkg']
[0.100s] Level 1:colcon.colcon_core.package_identification:_identify(src) by extension 'colcon_pkg'
[0.100s] Level 1:colcon.colcon_core.package_identification:_identify(src) by extensions ['colcon_meta']
[0.100s] Level 1:colcon.colcon_core.package_identification:_identify(src) by extension 'colcon_meta'
[0.100s] Level 1:colcon.colcon_core.package_identification:_identify(src) by extensions ['ros']
[0.100s] Level 1:colcon.colcon_core.package_identification:_identify(src) by extension 'ros'
[0.100s] Level 1:colcon.colcon_core.package_identification:_identify(src) by extensions ['cmake', 'python']
[0.100s] Level 1:colcon.colcon_core.package_identification:_identify(src) by extension 'cmake'
[0.100s] Level 1:colcon.colcon_core.package_identification:_identify(src) by extension 'python'
[0.100s] Level 1:colcon.colcon_core.package_identification:_identify(src) by extensions ['python_setup_py']
[0.100s] Level 1:colcon.colcon_core.package_identification:_identify(src) by extension 'python_setup_py'
[0.100s] Level 1:colcon.colcon_core.package_identification:_identify(src/gesture_recognition_pkg) by extensions ['ignore', 'ignore_ament_install']
[0.100s] Level 1:colcon.colcon_core.package_identification:_identify(src/gesture_recognition_pkg) by extension 'ignore'
[0.100s] Level 1:colcon.colcon_core.package_identification:_identify(src/gesture_recognition_pkg) by extension 'ignore_ament_install'
[0.100s] Level 1:colcon.colcon_core.package_identification:_identify(src/gesture_recognition_pkg) by extensions ['colcon_pkg']
[0.100s] Level 1:colcon.colcon_core.package_identification:_identify(src/gesture_recognition_pkg) by extension 'colcon_pkg'
[0.100s] Level 1:colcon.colcon_core.package_identification:_identify(src/gesture_recognition_pkg) by extensions ['colcon_meta']
[0.100s] Level 1:colcon.colcon_core.package_identification:_identify(src/gesture_recognition_pkg) by extension 'colcon_meta'
[0.100s] Level 1:colcon.colcon_core.package_identification:_identify(src/gesture_recognition_pkg) by extensions ['ros']
[0.100s] Level 1:colcon.colcon_core.package_identification:_identify(src/gesture_recognition_pkg) by extension 'ros'
[0.102s] DEBUG:colcon.colcon_core.package_identification:Package 'src/gesture_recognition_pkg' with type 'ros.ament_python' and name 'gesture_recognition_pkg'
[0.102s] Level 1:colcon.colcon_core.package_identification:_identify(src/turtlebot_control_pkg) by extensions ['ignore', 'ignore_ament_install']
[0.102s] Level 1:colcon.colcon_core.package_identification:_identify(src/turtlebot_control_pkg) by extension 'ignore'
[0.102s] Level 1:colcon.colcon_core.package_identification:_identify(src/turtlebot_control_pkg) by extension 'ignore_ament_install'
[0.102s] Level 1:colcon.colcon_core.package_identification:_identify(src/turtlebot_control_pkg) by extensions ['colcon_pkg']
[0.102s] Level 1:colcon.colcon_core.package_identification:_identify(src/turtlebot_control_pkg) by extension 'colcon_pkg'
[0.102s] Level 1:colcon.colcon_core.package_identification:_identify(src/turtlebot_control_pkg) by extensions ['colcon_meta']
[0.102s] Level 1:colcon.colcon_core.package_identification:_identify(src/turtlebot_control_pkg) by extension 'colcon_meta'
[0.102s] Level 1:colcon.colcon_core.package_identification:_identify(src/turtlebot_control_pkg) by extensions ['ros']
[0.102s] Level 1:colcon.colcon_core.package_identification:_identify(src/turtlebot_control_pkg) by extension 'ros'
[0.102s] DEBUG:colcon.colcon_core.package_identification:Package 'src/turtlebot_control_pkg' with type 'ros.ament_python' and name 'turtlebot_control_pkg'
[0.102s] Level 1:colcon.colcon_core.package_discovery:discover_packages(recursive) using defaults
[0.102s] Level 1:colcon.colcon_core.package_discovery:discover_packages(ignore) discover
[0.102s] Level 1:colcon.colcon_core.package_discovery:discover_packages(ignore) using defaults
[0.102s] Level 1:colcon.colcon_core.package_discovery:discover_packages(path) discover
[0.102s] Level 1:colcon.colcon_core.package_discovery:discover_packages(path) using defaults
[0.114s] Level 1:colcon.colcon_core.package_discovery:discover_packages(prefix_path) check parameters
[0.114s] Level 1:colcon.colcon_core.package_discovery:discover_packages(prefix_path) discover
[0.115s] DEBUG:colcon.colcon_installed_package_information.package_discovery:Found 0 installed packages in /home/jaumemil/ros2_ws/install
[0.116s] DEBUG:colcon.colcon_installed_package_information.package_discovery:Found 491 installed packages in /opt/ros/jazzy
[0.117s] Level 1:colcon.colcon_core.package_discovery:discover_packages(prefix_path) using defaults
[0.152s] Level 5:colcon.colcon_core.verb:set package 'gesture_recognition_pkg' build argument 'cmake_args' from command line to 'None'
[0.152s] Level 5:colcon.colcon_core.verb:set package 'gesture_recognition_pkg' build argument 'cmake_target' from command line to 'None'
[0.152s] Level 5:colcon.colcon_core.verb:set package 'gesture_recognition_pkg' build argument 'cmake_target_skip_unavailable' from command line to 'False'
[0.152s] Level 5:colcon.colcon_core.verb:set package 'gesture_recognition_pkg' build argument 'cmake_clean_cache' from command line to 'False'
[0.152s] Level 5:colcon.colcon_core.verb:set package 'gesture_recognition_pkg' build argument 'cmake_clean_first' from command line to 'False'
[0.152s] Level 5:colcon.colcon_core.verb:set package 'gesture_recognition_pkg' build argument 'cmake_force_configure' from command line to 'False'
[0.152s] Level 5:colcon.colcon_core.verb:set package 'gesture_recognition_pkg' build argument 'ament_cmake_args' from command line to 'None'
[0.152s] Level 5:colcon.colcon_core.verb:set package 'gesture_recognition_pkg' build argument 'catkin_cmake_args' from command line to 'None'
[0.152s] Level 5:colcon.colcon_core.verb:set package 'gesture_recognition_pkg' build argument 'catkin_skip_building_tests' from command line to 'False'
[0.152s] DEBUG:colcon.colcon_core.verb:Building package 'gesture_recognition_pkg' with the following arguments: {'ament_cmake_args': None, 'build_base': '/home/jaumemil/turtlebot_mediapipe_ws/build/gesture_recognition_pkg', 'catkin_cmake_args': None, 'catkin_skip_building_tests': False, 'cmake_args': None, 'cmake_clean_cache': False, 'cmake_clean_first': False, 'cmake_force_configure': False, 'cmake_target': None, 'cmake_target_skip_unavailable': False, 'install_base': '/home/jaumemil/turtlebot_mediapipe_ws/install/gesture_recognition_pkg', 'merge_install': False, 'path': '/home/jaumemil/turtlebot_mediapipe_ws/src/gesture_recognition_pkg', 'symlink_install': True, 'test_result_base': None}
[0.152s] Level 5:colcon.colcon_core.verb:set package 'turtlebot_control_pkg' build argument 'cmake_args' from command line to 'None'
[0.152s] Level 5:colcon.colcon_core.verb:set package 'turtlebot_control_pkg' build argument 'cmake_target' from command line to 'None'
[0.152s] Level 5:colcon.colcon_core.verb:set package 'turtlebot_control_pkg' build argument 'cmake_target_skip_unavailable' from command line to 'False'
[0.152s] Level 5:colcon.colcon_core.verb:set package 'turtlebot_control_pkg' build argument 'cmake_clean_cache' from command line to 'False'
[0.152s] Level 5:colcon.colcon_core.verb:set package 'turtlebot_control_pkg' build argument 'cmake_clean_first' from command line to 'False'
[0.152s] Level 5:colcon.colcon_core.verb:set package 'turtlebot_control_pkg' build argument 'cmake_force_configure' from command line to 'False'
[0.152s] Level 5:colcon.colcon_core.verb:set package 'turtlebot_control_pkg' build argument 'ament_cmake_args' from command line to 'None'
[0.152s] Level 5:colcon.colcon_core.verb:set package 'turtlebot_control_pkg' build argument 'catkin_cmake_args' from command line to 'None'
[0.152s] Level 5:colcon.colcon_core.verb:set package 'turtlebot_control_pkg' build argument 'catkin_skip_building_tests' from command line to 'False'
[0.152s] DEBUG:colcon.colcon_core.verb:Building package 'turtlebot_control_pkg' with the following arguments: {'ament_cmake_args': None, 'build_base': '/home/jaumemil/turtlebot_mediapipe_ws/build/turtlebot_control_pkg', 'catkin_cmake_args': None, 'catkin_skip_building_tests': False, 'cmake_args': None, 'cmake_clean_cache': False, 'cmake_clean_first': False, 'cmake_force_configure': False, 'cmake_target': None, 'cmake_target_skip_unavailable': False, 'install_base': '/home/jaumemil/turtlebot_mediapipe_ws/install/turtlebot_control_pkg', 'merge_install': False, 'path': '/home/jaumemil/turtlebot_mediapipe_ws/src/turtlebot_control_pkg', 'symlink_install': True, 'test_result_base': None}
[0.152s] INFO:colcon.colcon_core.executor:Executing jobs using 'parallel' executor
[0.155s] DEBUG:colcon.colcon_parallel_executor.executor.parallel:run_until_complete
[0.155s] INFO:colcon.colcon_ros.task.ament_python.build:Building ROS package in '/home/jaumemil/turtlebot_mediapipe_ws/src/gesture_recognition_pkg' with build type 'ament_python'
[0.155s] Level 1:colcon.colcon_core.shell:create_environment_hook('gesture_recognition_pkg', 'ament_prefix_path')
[0.156s] INFO:colcon.colcon_core.plugin_system:Skipping extension 'colcon_core.shell.bat': Not used on non-Windows systems
[0.156s] INFO:colcon.colcon_core.shell:Creating environment hook '/home/jaumemil/turtlebot_mediapipe_ws/install/gesture_recognition_pkg/share/gesture_recognition_pkg/hook/ament_prefix_path.ps1'
[0.159s] INFO:colcon.colcon_core.shell:Creating environment descriptor '/home/jaumemil/turtlebot_mediapipe_ws/install/gesture_recognition_pkg/share/gesture_recognition_pkg/hook/ament_prefix_path.dsv'
[0.159s] INFO:colcon.colcon_core.shell:Creating environment hook '/home/jaumemil/turtlebot_mediapipe_ws/install/gesture_recognition_pkg/share/gesture_recognition_pkg/hook/ament_prefix_path.sh'
[0.159s] INFO:colcon.colcon_core.shell:Skip shell extension 'powershell' for command environment: Not usable outside of PowerShell
[0.159s] DEBUG:colcon.colcon_core.shell:Skip shell extension 'dsv' for command environment
[0.164s] INFO:colcon.colcon_ros.task.ament_python.build:Building ROS package in '/home/jaumemil/turtlebot_mediapipe_ws/src/turtlebot_control_pkg' with build type 'ament_python'
[0.164s] Level 1:colcon.colcon_core.shell:create_environment_hook('turtlebot_control_pkg', 'ament_prefix_path')
[0.164s] INFO:colcon.colcon_core.shell:Creating environment hook '/home/jaumemil/turtlebot_mediapipe_ws/install/turtlebot_control_pkg/share/turtlebot_control_pkg/hook/ament_prefix_path.ps1'
[0.164s] INFO:colcon.colcon_core.shell:Creating environment descriptor '/home/jaumemil/turtlebot_mediapipe_ws/install/turtlebot_control_pkg/share/turtlebot_control_pkg/hook/ament_prefix_path.dsv'
[0.164s] INFO:colcon.colcon_core.shell:Creating environment hook '/home/jaumemil/turtlebot_mediapipe_ws/install/turtlebot_control_pkg/share/turtlebot_control_pkg/hook/ament_prefix_path.sh'
[0.165s] INFO:colcon.colcon_core.shell:Skip shell extension 'powershell' for command environment: Not usable outside of PowerShell
[0.165s] DEBUG:colcon.colcon_core.shell:Skip shell extension 'dsv' for command environment
[0.299s] INFO:colcon.colcon_core.task.python.build:Building Python package in '/home/jaumemil/turtlebot_mediapipe_ws/src/gesture_recognition_pkg'
[0.299s] INFO:colcon.colcon_core.shell:Skip shell extension 'powershell' for command environment: Not usable outside of PowerShell
[0.299s] DEBUG:colcon.colcon_core.shell:Skip shell extension 'dsv' for command environment
[0.432s] INFO:colcon.colcon_core.task.python.build:Building Python package in '/home/jaumemil/turtlebot_mediapipe_ws/src/turtlebot_control_pkg'
[0.432s] INFO:colcon.colcon_core.shell:Skip shell extension 'powershell' for command environment: Not usable outside of PowerShell
[0.432s] DEBUG:colcon.colcon_core.shell:Skip shell extension 'dsv' for command environment
[0.862s] DEBUG:colcon.colcon_core.task.python.build:While undoing a previous installation files outside the Python library path are being ignored: /home/jaumemil/turtlebot_mediapipe_ws/install/gesture_recognition_pkg/share/ament_index/resource_index/packages/gesture_recognition_pkg
[0.862s] DEBUG:colcon.colcon_core.task.python.build:While undoing a previous installation files outside the Python library path are being ignored: /home/jaumemil/turtlebot_mediapipe_ws/install/gesture_recognition_pkg/share/gesture_recognition_pkg/package.xml
[0.862s] DEBUG:colcon.colcon_core.task.python.build:While undoing a previous installation files outside the Python library path are being ignored: /home/jaumemil/turtlebot_mediapipe_ws/install/gesture_recognition_pkg/lib/gesture_recognition_pkg/vision_node
[0.868s] DEBUG:colcon.colcon_core.event_handler.log_command:Invoking command in '/home/jaumemil/turtlebot_mediapipe_ws/build/gesture_recognition_pkg': DEBUGINFOD_URLS=https://debuginfod.ubuntu.com PYTHONPATH=/home/jaumemil/turtlebot_mediapipe_ws/build/gesture_recognition_pkg/prefix_override:/usr/lib/python3/dist-packages/colcon_core/task/python/colcon_distutils_commands:/home/jaumemil/turtlebot_mediapipe_ws/install/gesture_recognition_pkg/lib/python3.12/site-packages:${PYTHONPATH} /usr/bin/python3 -W ignore:setup.py install is deprecated -W ignore:easy_install command is deprecated setup.py develop --editable --build-directory /home/jaumemil/turtlebot_mediapipe_ws/build/gesture_recognition_pkg/build --no-deps symlink_data --force
[0.877s] DEBUG:colcon.colcon_core.task.python.build:While undoing a previous installation files outside the Python library path are being ignored: /home/jaumemil/turtlebot_mediapipe_ws/install/turtlebot_control_pkg/share/ament_index/resource_index/packages/turtlebot_control_pkg
[0.877s] DEBUG:colcon.colcon_core.task.python.build:While undoing a previous installation files outside the Python library path are being ignored: /home/jaumemil/turtlebot_mediapipe_ws/install/turtlebot_control_pkg/share/turtlebot_control_pkg/package.xml
[0.878s] DEBUG:colcon.colcon_core.task.python.build:While undoing a previous installation files outside the Python library path are being ignored: /home/jaumemil/turtlebot_mediapipe_ws/install/turtlebot_control_pkg/lib/turtlebot_control_pkg/control_node
[0.878s] DEBUG:colcon.colcon_core.event_handler.log_command:Invoking command in '/home/jaumemil/turtlebot_mediapipe_ws/build/turtlebot_control_pkg': DEBUGINFOD_URLS=https://debuginfod.ubuntu.com PYTHONPATH=/home/jaumemil/turtlebot_mediapipe_ws/build/turtlebot_control_pkg/prefix_override:/usr/lib/python3/dist-packages/colcon_core/task/python/colcon_distutils_commands:/home/jaumemil/turtlebot_mediapipe_ws/install/turtlebot_control_pkg/lib/python3.12/site-packages:${PYTHONPATH} /usr/bin/python3 -W ignore:setup.py install is deprecated -W ignore:easy_install command is deprecated setup.py develop --editable --build-directory /home/jaumemil/turtlebot_mediapipe_ws/build/turtlebot_control_pkg/build --no-deps symlink_data --force
[1.327s] Level 1:colcon.colcon_core.shell:create_environment_hook('gesture_recognition_pkg', 'pythonpath_develop')
[1.327s] INFO:colcon.colcon_core.shell:Creating environment hook '/home/jaumemil/turtlebot_mediapipe_ws/build/gesture_recognition_pkg/share/gesture_recognition_pkg/hook/pythonpath_develop.ps1'
[1.327s] INFO:colcon.colcon_core.shell:Creating environment descriptor '/home/jaumemil/turtlebot_mediapipe_ws/build/gesture_recognition_pkg/share/gesture_recognition_pkg/hook/pythonpath_develop.dsv'
[1.328s] INFO:colcon.colcon_core.shell:Creating environment hook '/home/jaumemil/turtlebot_mediapipe_ws/build/gesture_recognition_pkg/share/gesture_recognition_pkg/hook/pythonpath_develop.sh'
[1.329s] DEBUG:colcon.colcon_core.event_handler.log_command:Invoked command in '/home/jaumemil/turtlebot_mediapipe_ws/build/gesture_recognition_pkg' returned '0': DEBUGINFOD_URLS=https://debuginfod.ubuntu.com PYTHONPATH=/home/jaumemil/turtlebot_mediapipe_ws/build/gesture_recognition_pkg/prefix_override:/usr/lib/python3/dist-packages/colcon_core/task/python/colcon_distutils_commands:/home/jaumemil/turtlebot_mediapipe_ws/install/gesture_recognition_pkg/lib/python3.12/site-packages:${PYTHONPATH} /usr/bin/python3 -W ignore:setup.py install is deprecated -W ignore:easy_install command is deprecated setup.py develop --editable --build-directory /home/jaumemil/turtlebot_mediapipe_ws/build/gesture_recognition_pkg/build --no-deps symlink_data --force
[1.331s] Level 1:colcon.colcon_core.environment:checking '/home/jaumemil/turtlebot_mediapipe_ws/install/gesture_recognition_pkg' for CMake module files
[1.332s] Level 1:colcon.colcon_core.environment:checking '/home/jaumemil/turtlebot_mediapipe_ws/install/gesture_recognition_pkg' for CMake config files
[1.332s] Level 1:colcon.colcon_core.environment:checking '/home/jaumemil/turtlebot_mediapipe_ws/install/gesture_recognition_pkg/lib'
[1.332s] Level 1:colcon.colcon_core.environment:checking '/home/jaumemil/turtlebot_mediapipe_ws/install/gesture_recognition_pkg/bin'
[1.332s] Level 1:colcon.colcon_core.environment:checking '/home/jaumemil/turtlebot_mediapipe_ws/install/gesture_recognition_pkg/lib/pkgconfig/gesture_recognition_pkg.pc'
[1.333s] Level 1:colcon.colcon_core.environment:checking '/home/jaumemil/turtlebot_mediapipe_ws/install/gesture_recognition_pkg/lib/python3.12/site-packages'
[1.333s] Level 1:colcon.colcon_core.shell:create_environment_hook('gesture_recognition_pkg', 'pythonpath')
[1.333s] INFO:colcon.colcon_core.shell:Creating environment hook '/home/jaumemil/turtlebot_mediapipe_ws/install/gesture_recognition_pkg/share/gesture_recognition_pkg/hook/pythonpath.ps1'
[1.333s] INFO:colcon.colcon_core.shell:Creating environment descriptor '/home/jaumemil/turtlebot_mediapipe_ws/install/gesture_recognition_pkg/share/gesture_recognition_pkg/hook/pythonpath.dsv'
[1.333s] INFO:colcon.colcon_core.shell:Creating environment hook '/home/jaumemil/turtlebot_mediapipe_ws/install/gesture_recognition_pkg/share/gesture_recognition_pkg/hook/pythonpath.sh'
[1.336s] Level 1:colcon.colcon_core.environment:checking '/home/jaumemil/turtlebot_mediapipe_ws/install/gesture_recognition_pkg/bin'
[1.336s] Level 1:colcon.colcon_core.environment:create_environment_scripts_only(gesture_recognition_pkg)
[1.337s] INFO:colcon.colcon_core.shell:Creating package script '/home/jaumemil/turtlebot_mediapipe_ws/install/gesture_recognition_pkg/share/gesture_recognition_pkg/package.ps1'
[1.337s] INFO:colcon.colcon_core.shell:Creating package descriptor '/home/jaumemil/turtlebot_mediapipe_ws/install/gesture_recognition_pkg/share/gesture_recognition_pkg/package.dsv'
[1.337s] INFO:colcon.colcon_core.shell:Creating package script '/home/jaumemil/turtlebot_mediapipe_ws/install/gesture_recognition_pkg/share/gesture_recognition_pkg/package.sh'
[1.338s] INFO:colcon.colcon_core.shell:Creating package script '/home/jaumemil/turtlebot_mediapipe_ws/install/gesture_recognition_pkg/share/gesture_recognition_pkg/package.bash'
[1.338s] INFO:colcon.colcon_core.shell:Creating package script '/home/jaumemil/turtlebot_mediapipe_ws/install/gesture_recognition_pkg/share/gesture_recognition_pkg/package.zsh'
[1.339s] Level 1:colcon.colcon_core.environment:create_file_with_runtime_dependencies(/home/jaumemil/turtlebot_mediapipe_ws/install/gesture_recognition_pkg/share/colcon-core/packages/gesture_recognition_pkg)
[1.344s] Level 1:colcon.colcon_core.shell:create_environment_hook('turtlebot_control_pkg', 'pythonpath_develop')
[1.344s] INFO:colcon.colcon_core.shell:Creating environment hook '/home/jaumemil/turtlebot_mediapipe_ws/build/turtlebot_control_pkg/share/turtlebot_control_pkg/hook/pythonpath_develop.ps1'
[1.344s] DEBUG:colcon.colcon_core.event_handler.log_command:Invoked command in '/home/jaumemil/turtlebot_mediapipe_ws/build/turtlebot_control_pkg' returned '0': DEBUGINFOD_URLS=https://debuginfod.ubuntu.com PYTHONPATH=/home/jaumemil/turtlebot_mediapipe_ws/build/turtlebot_control_pkg/prefix_override:/usr/lib/python3/dist-packages/colcon_core/task/python/colcon_distutils_commands:/home/jaumemil/turtlebot_mediapipe_ws/install/turtlebot_control_pkg/lib/python3.12/site-packages:${PYTHONPATH} /usr/bin/python3 -W ignore:setup.py install is deprecated -W ignore:easy_install command is deprecated setup.py develop --editable --build-directory /home/jaumemil/turtlebot_mediapipe_ws/build/turtlebot_control_pkg/build --no-deps symlink_data --force
[1.345s] INFO:colcon.colcon_core.shell:Creating environment descriptor '/home/jaumemil/turtlebot_mediapipe_ws/build/turtlebot_control_pkg/share/turtlebot_control_pkg/hook/pythonpath_develop.dsv'
[1.345s] INFO:colcon.colcon_core.shell:Creating environment hook '/home/jaumemil/turtlebot_mediapipe_ws/build/turtlebot_control_pkg/share/turtlebot_control_pkg/hook/pythonpath_develop.sh'
[1.345s] Level 1:colcon.colcon_core.environment:checking '/home/jaumemil/turtlebot_mediapipe_ws/install/turtlebot_control_pkg' for CMake module files
[1.345s] Level 1:colcon.colcon_core.environment:checking '/home/jaumemil/turtlebot_mediapipe_ws/install/turtlebot_control_pkg' for CMake config files
[1.346s] Level 1:colcon.colcon_core.environment:checking '/home/jaumemil/turtlebot_mediapipe_ws/install/turtlebot_control_pkg/lib'
[1.346s] Level 1:colcon.colcon_core.environment:checking '/home/jaumemil/turtlebot_mediapipe_ws/install/turtlebot_control_pkg/bin'
[1.346s] Level 1:colcon.colcon_core.environment:checking '/home/jaumemil/turtlebot_mediapipe_ws/install/turtlebot_control_pkg/lib/pkgconfig/turtlebot_control_pkg.pc'
[1.346s] Level 1:colcon.colcon_core.environment:checking '/home/jaumemil/turtlebot_mediapipe_ws/install/turtlebot_control_pkg/lib/python3.12/site-packages'
[1.346s] Level 1:colcon.colcon_core.shell:create_environment_hook('turtlebot_control_pkg', 'pythonpath')
[1.346s] INFO:colcon.colcon_core.shell:Creating environment hook '/home/jaumemil/turtlebot_mediapipe_ws/install/turtlebot_control_pkg/share/turtlebot_control_pkg/hook/pythonpath.ps1'
[1.346s] INFO:colcon.colcon_core.shell:Creating environment descriptor '/home/jaumemil/turtlebot_mediapipe_ws/install/turtlebot_control_pkg/share/turtlebot_control_pkg/hook/pythonpath.dsv'
[1.347s] INFO:colcon.colcon_core.shell:Creating environment hook '/home/jaumemil/turtlebot_mediapipe_ws/install/turtlebot_control_pkg/share/turtlebot_control_pkg/hook/pythonpath.sh'
[1.347s] Level 1:colcon.colcon_core.environment:checking '/home/jaumemil/turtlebot_mediapipe_ws/install/turtlebot_control_pkg/bin'
[1.347s] Level 1:colcon.colcon_core.environment:create_environment_scripts_only(turtlebot_control_pkg)
[1.347s] INFO:colcon.colcon_core.shell:Creating package script '/home/jaumemil/turtlebot_mediapipe_ws/install/turtlebot_control_pkg/share/turtlebot_control_pkg/package.ps1'
[1.348s] INFO:colcon.colcon_core.shell:Creating package descriptor '/home/jaumemil/turtlebot_mediapipe_ws/install/turtlebot_control_pkg/share/turtlebot_control_pkg/package.dsv'
[1.348s] INFO:colcon.colcon_core.shell:Creating package script '/home/jaumemil/turtlebot_mediapipe_ws/install/turtlebot_control_pkg/share/turtlebot_control_pkg/package.sh'
[1.348s] INFO:colcon.colcon_core.shell:Creating package script '/home/jaumemil/turtlebot_mediapipe_ws/install/turtlebot_control_pkg/share/turtlebot_control_pkg/package.bash'
[1.348s] INFO:colcon.colcon_core.shell:Creating package script '/home/jaumemil/turtlebot_mediapipe_ws/install/turtlebot_control_pkg/share/turtlebot_control_pkg/package.zsh'
[1.349s] Level 1:colcon.colcon_core.environment:create_file_with_runtime_dependencies(/home/jaumemil/turtlebot_mediapipe_ws/install/turtlebot_control_pkg/share/colcon-core/packages/turtlebot_control_pkg)
[1.349s] DEBUG:colcon.colcon_parallel_executor.executor.parallel:closing loop
[1.349s] DEBUG:colcon.colcon_parallel_executor.executor.parallel:loop closed
[1.349s] DEBUG:colcon.colcon_parallel_executor.executor.parallel:run_until_complete finished with '0'
[1.349s] DEBUG:colcon.colcon_core.event_reactor:joining thread
[1.353s] INFO:colcon.colcon_core.plugin_system:Skipping extension 'colcon_notification.desktop_notification.terminal_notifier': Not used on non-Darwin systems
[1.353s] INFO:colcon.colcon_core.plugin_system:Skipping extension 'colcon_notification.desktop_notification.win32': Not used on non-Windows systems
[1.353s] INFO:colcon.colcon_notification.desktop_notification:Sending desktop notification using 'notify2'
[1.366s] DEBUG:colcon.colcon_core.event_reactor:joined thread
[1.366s] INFO:colcon.colcon_core.shell:Creating prefix script '/home/jaumemil/turtlebot_mediapipe_ws/install/local_setup.ps1'
[1.367s] INFO:colcon.colcon_core.shell:Creating prefix util module '/home/jaumemil/turtlebot_mediapipe_ws/install/_local_setup_util_ps1.py'
[1.367s] INFO:colcon.colcon_core.shell:Creating prefix chain script '/home/jaumemil/turtlebot_mediapipe_ws/install/setup.ps1'
[1.368s] INFO:colcon.colcon_core.shell:Creating prefix script '/home/jaumemil/turtlebot_mediapipe_ws/install/local_setup.sh'
[1.368s] INFO:colcon.colcon_core.shell:Creating prefix util module '/home/jaumemil/turtlebot_mediapipe_ws/install/_local_setup_util_sh.py'
[1.369s] INFO:colcon.colcon_core.shell:Creating prefix chain script '/home/jaumemil/turtlebot_mediapipe_ws/install/setup.sh'
[1.369s] INFO:colcon.colcon_core.shell:Creating prefix script '/home/jaumemil/turtlebot_mediapipe_ws/install/local_setup.bash'
[1.370s] INFO:colcon.colcon_core.shell:Creating prefix chain script '/home/jaumemil/turtlebot_mediapipe_ws/install/setup.bash'
[1.378s] INFO:colcon.colcon_core.shell:Creating prefix script '/home/jaumemil/turtlebot_mediapipe_ws/install/local_setup.zsh'
[1.379s] INFO:colcon.colcon_core.shell:Creating prefix chain script '/home/jaumemil/turtlebot_mediapipe_ws/install/setup.zsh'
