[0.575s] Invoking command in '/home/jaumemil/turtlebot_mediapipe_ws/src/turtlebot_control_pkg': DEBUGINFOD_URLS=https://debuginfod.ubuntu.com PYTHONPATH=/home/jaumemil/turtlebot_mediapipe_ws/build/turtlebot_control_pkg/prefix_override:/usr/lib/python3/dist-packages/colcon_core/task/python/colcon_distutils_commands:/home/jaumemil/turtlebot_mediapipe_ws/install/turtlebot_control_pkg/lib/python3.12/site-packages:${PYTHONPATH} /usr/bin/python3 -W ignore:setup.py install is deprecated -W ignore:easy_install command is deprecated setup.py egg_info --egg-base ../../build/turtlebot_control_pkg build --build-base /home/jaumemil/turtlebot_mediapipe_ws/build/turtlebot_control_pkg/build install --record /home/jaumemil/turtlebot_mediapipe_ws/build/turtlebot_control_pkg/install.log --single-version-externally-managed install_data
[0.707s] running egg_info
[0.716s] writing ../../build/turtlebot_control_pkg/turtlebot_control_pkg.egg-info/PKG-INFO
[0.716s] writing dependency_links to ../../build/turtlebot_control_pkg/turtlebot_control_pkg.egg-info/dependency_links.txt
[0.716s] writing entry points to ../../build/turtlebot_control_pkg/turtlebot_control_pkg.egg-info/entry_points.txt
[0.716s] writing requirements to ../../build/turtlebot_control_pkg/turtlebot_control_pkg.egg-info/requires.txt
[0.716s] writing top-level names to ../../build/turtlebot_control_pkg/turtlebot_control_pkg.egg-info/top_level.txt
[0.736s] reading manifest file '../../build/turtlebot_control_pkg/turtlebot_control_pkg.egg-info/SOURCES.txt'
[0.736s] writing manifest file '../../build/turtlebot_control_pkg/turtlebot_control_pkg.egg-info/SOURCES.txt'
[0.736s] running build
[0.736s] running build_py
[0.737s] running install
[0.740s] running install_lib
[0.750s] running install_data
[0.750s] running install_egg_info
[0.761s] removing '/home/jaumemil/turtlebot_mediapipe_ws/install/turtlebot_control_pkg/lib/python3.12/site-packages/turtlebot_control_pkg-0.0.0-py3.12.egg-info' (and everything under it)
[0.761s] Copying ../../build/turtlebot_control_pkg/turtlebot_control_pkg.egg-info to /home/jaumemil/turtlebot_mediapipe_ws/install/turtlebot_control_pkg/lib/python3.12/site-packages/turtlebot_control_pkg-0.0.0-py3.12.egg-info
[0.761s] running install_scripts
[0.837s] Installing control_node script to /home/jaumemil/turtlebot_mediapipe_ws/install/turtlebot_control_pkg/lib/turtlebot_control_pkg
[0.837s] writing list of installed files to '/home/jaumemil/turtlebot_mediapipe_ws/build/turtlebot_control_pkg/install.log'
[0.862s] Invoked command in '/home/jaumemil/turtlebot_mediapipe_ws/src/turtlebot_control_pkg' returned '0': DEBUGINFOD_URLS=https://debuginfod.ubuntu.com PYTHONPATH=/home/jaumemil/turtlebot_mediapipe_ws/build/turtlebot_control_pkg/prefix_override:/usr/lib/python3/dist-packages/colcon_core/task/python/colcon_distutils_commands:/home/jaumemil/turtlebot_mediapipe_ws/install/turtlebot_control_pkg/lib/python3.12/site-packages:${PYTHONPATH} /usr/bin/python3 -W ignore:setup.py install is deprecated -W ignore:easy_install command is deprecated setup.py egg_info --egg-base ../../build/turtlebot_control_pkg build --build-base /home/jaumemil/turtlebot_mediapipe_ws/build/turtlebot_control_pkg/build install --record /home/jaumemil/turtlebot_mediapipe_ws/build/turtlebot_control_pkg/install.log --single-version-externally-managed install_data
